<?xml version="1.0" encoding="UTF-8" ?>
<testsuite tests="4" failures="2" name="mobily.com.calculator.AppTest" time="0.021" errors="0" skipped="0">
  <properties>
[...]
</properties>
  <testcase classname="mobily.com.calculator.AppTest" name="testApp1" time="0.005"/>
  <testcase classname="mobily.com.calculator.AppTest" name="testApp3" time="0"/>
  <testcase classname="mobily.com.calculator.AppTest" name="testApp4" time="0.016">
    <failure type="junit.framework.AssertionFailedError">junit.framework.AssertionFailedError
	at junit.framework.Assert.fail(Assert.java:47)
	at junit.framework.Assert.assertTrue(Assert.java:20)
	at junit.framework.Assert.assertTrue(Assert.java:27)
	at mobily.com.calculator.AppTest.testApp4(AppTest.java:53)
</failure>
  </testcase>
  <testcase classname="mobily.com.calculator.AppTest" name="testApp2" time="0">
    <failure type="junit.framework.AssertionFailedError">junit.framework.AssertionFailedError
	at junit.framework.Assert.fail(Assert.java:47)
	at junit.framework.Assert.assertTrue(Assert.java:20)
	at junit.framework.Assert.assertTrue(Assert.java:27)
	at mobily.com.calculator.AppTest.testApp2(AppTest.java:43)
</failure>
  </testcase>
</testsuite>